1560161223068	mozrunner::runner	INFO	Running command: "C:\\Program Files\\Mozilla Firefox\\firefox.exe" "-marionette" "-foreground" "-no-remote" "-profile" "C:\\Users\\A05\\AppData\\Local\\Temp\\rust_mozprofile.BAY4czuFYG7U"
1560161225642	addons.webextension.screenshots@mozilla.org	WARN	Loading extension 'screenshots@mozilla.org': Reading manifest: Invalid extension permission: mozillaAddons
1560161225642	addons.webextension.screenshots@mozilla.org	WARN	Loading extension 'screenshots@mozilla.org': Reading manifest: Invalid extension permission: resource://pdf.js/
1560161225642	addons.webextension.screenshots@mozilla.org	WARN	Loading extension 'screenshots@mozilla.org': Reading manifest: Invalid extension permission: about:reader*
1560161230982	Marionette	INFO	Listening on port 60273
1560161231539	Marionette	WARN	TLS certificate errors will be ignored for this session
JavaScript warning: https://s2.demo.opensourcecms.com/orangehrm/scripts/jquery/jquery.js, line 16: unreachable code after return statement
JavaScript warning: https://s2.demo.opensourcecms.com/orangehrm/scripts/jquery/jquery.js.pagespeed.jm.dnkLq1BuzX.js, line 16: unreachable code after return statement
JavaScript warning: https://s2.demo.opensourcecms.com/orangehrm/scripts/jquery/jquery.js.pagespeed.jm.dnkLq1BuzX.js, line 16: unreachable code after return statement
1560161243951	Marionette	INFO	Stopped listening on port 60273
[Child 11724, Chrome_ChildThread] WARNING: pipe error: 109: file z:/build/build/src/ipc/chromium/src/chrome/common/ipc_channel_win.cc, line 332
[Child 11724, Chrome_ChildThread] WARNING: pipe error: 109: file z:/build/build/src/ipc/chromium/src/chrome/common/ipc_channel_win.cc, line 332

###!!! [Child][MessageChannel] Error: (msgtype=0x5F0029,name=PNecko::Msg_RemoveRequestContext) Channel closing: too late to send/recv, messages will be lost

[Child 20276, Chrome_ChildThread] WARNING: pipe error: 109: file z:/build/build/src/ipc/chromium/src/chrome/common/ipc_channel_win.cc, line 332
[Child 20276, Chrome_ChildThread] WARNING: pipe error: 109: file z:/build/build/src/ipc/chromium/src/chrome/common/ipc_channel_win.cc, line 332
[Parent 20928, Gecko_IOThread] WARNING: pipe error: 109: file z:/build/build/src/ipc/chromium/src/chrome/common/ipc_channel_win.cc, line 332
[Child 20000, Chrome_ChildThread] WARNING: pipe error: 109: file z:/bu[GPU 
###!!! [Child][RunMessage] Error: Channel closing: too late to send/recv, messages will be lost

18360, Chrom
###!!! [Child][MessageChannel::SendAndWait] Error: Channel error: cannot send/recv

